11:06:41 debug: 2024/2/14上午11:06:41
11:06:41 debug: Project: /Users/zhangxiaoqiang/CocosProject/GitHubProject/SelfStudyProject
11:06:41 debug: Targets: editor,preview
11:06:41 debug: Packer deriver version file lost or format incorrect: Error: ENOENT: no such file or directory, open '/Users/zhangxiaoqiang/CocosProject/GitHubProject/SelfStudyProject/temp/programming/packer-driver/VERSION'
11:06:41 debug: Clearing out the targets...
11:06:41 debug: Engine path: /Applications/Cocos/Creator/3.8.2/CocosCreator.app/Contents/Resources/resources/3d/engine
11:06:41 debug: Initializing target [Editor]
11:06:41 debug: Loading cache
11:06:41 debug: Record file loaded failed with error: Error: ENOENT: no such file or directory, open '/Users/zhangxiaoqiang/CocosProject/GitHubProject/SelfStudyProject/temp/programming/packer-driver/targets/editor/main-record.json'
11:06:41 debug: Loading cache costs 0.1672089999774471ms.
11:06:41 debug: Engine features shipped in editor: base,gfx-webgl,gfx-webgl2,gfx-empty,3d,animation,skeletal-animation,2d,ui,particle,particle-2d,physics-framework,physics-2d-framework,physics-2d-box2d-wasm,intersection-2d,primitive,profiler,occlusion-query,geometry-renderer,debug-renderer,audio,video,xr,light-probe,terrain,webview,tween,tiled-map,spine,dragon-bones,marionette,procedural-animation,custom-pipeline,websocket,websocket-server
11:06:41 debug: Our import map(foo:/bar): {
  "imports": {
    "cc": "cce:/internal/x/cc"
  }
}
11:06:41 debug: Initializing target [Preview]
11:06:41 debug: Loading cache
11:06:41 debug: Record file loaded failed with error: Error: ENOENT: no such file or directory, open '/Users/zhangxiaoqiang/CocosProject/GitHubProject/SelfStudyProject/temp/programming/packer-driver/targets/preview/main-record.json'
11:06:41 debug: Loading cache costs 0.16691699996590614ms.
11:06:41 debug: Our import map(foo:/bar): {
  "imports": {
    "cc": "cce:/internal/x/cc"
  }
}
11:06:41 debug: Sync engine features: 2d,3d,animation,audio,base,dragon-bones,gfx-webgl,gfx-webgl2,intersection-2d,light-probe,marionette,particle,particle-2d,physics-2d-box2d,physics-ammo,primitive,profiler,skeletal-animation,spine,terrain,tiled-map,tween,ui,video,websocket,webview
11:06:41 debug: Reset databases. Enumerated domains: [
  {
    "root": "db://internal/",
    "physical": "/Applications/Cocos/Creator/3.8.2/CocosCreator.app/Contents/Resources/resources/3d/engine/editor/assets"
  },
  {
    "root": "db://assets/",
    "physical": "/Users/zhangxiaoqiang/CocosProject/GitHubProject/SelfStudyProject/assets"
  }
]
11:06:41 debug: Our import map(foo:/bar): {
  "imports": {
    "cc": "cce:/internal/x/cc",
    "db://internal/": "file:///Applications/Cocos/Creator/3.8.2/CocosCreator.app/Contents/Resources/resources/3d/engine/editor/assets/",
    "db://assets/": "file:///Users/zhangxiaoqiang/CocosProject/GitHubProject/SelfStudyProject/assets/"
  }
}
11:06:41 debug: Our import map(foo:/bar): {
  "imports": {
    "cc": "cce:/internal/x/cc",
    "db://internal/": "file:///Applications/Cocos/Creator/3.8.2/CocosCreator.app/Contents/Resources/resources/3d/engine/editor/assets/",
    "db://assets/": "file:///Users/zhangxiaoqiang/CocosProject/GitHubProject/SelfStudyProject/assets/"
  }
}
11:06:41 debug: Pulling asset-db.
11:06:41 debug: Fetch asset-db cost: 5.646082999999635ms.
11:06:41 debug: Build iteration starts.
Number of accumulated asset changes: 1
Feature changed: false
11:06:41 debug: Target(editor) build started.
11:06:41 debug: Inspect cce:/internal/x/cc
11:06:41 debug: Resolve cce:/internal/x/cc-fu/base from cce:/internal/x/cc as external dependency cce:/internal/x/cc-fu/base.
11:06:41 debug: Resolve cce:/internal/x/cc-fu/gfx-webgl from cce:/internal/x/cc as external dependency cce:/internal/x/cc-fu/gfx-webgl.
11:06:41 debug: Resolve cce:/internal/x/cc-fu/gfx-webgl2 from cce:/internal/x/cc as external dependency cce:/internal/x/cc-fu/gfx-webgl2.
11:06:41 debug: Resolve cce:/internal/x/cc-fu/gfx-empty from cce:/internal/x/cc as external dependency cce:/internal/x/cc-fu/gfx-empty.
11:06:41 debug: Resolve cce:/internal/x/cc-fu/3d from cce:/internal/x/cc as external dependency cce:/internal/x/cc-fu/3d.
11:06:41 debug: Resolve cce:/internal/x/cc-fu/animation from cce:/internal/x/cc as external dependency cce:/internal/x/cc-fu/animation.
11:06:41 debug: Resolve cce:/internal/x/cc-fu/skeletal-animation from cce:/internal/x/cc as external dependency cce:/internal/x/cc-fu/skeletal-animation.
11:06:41 debug: Resolve cce:/internal/x/cc-fu/2d from cce:/internal/x/cc as external dependency cce:/internal/x/cc-fu/2d.
11:06:41 debug: Resolve cce:/internal/x/cc-fu/sorting from cce:/internal/x/cc as external dependency cce:/internal/x/cc-fu/sorting.
11:06:41 debug: Resolve cce:/internal/x/cc-fu/ui from cce:/internal/x/cc as external dependency cce:/internal/x/cc-fu/ui.
11:06:41 debug: Resolve cce:/internal/x/cc-fu/particle from cce:/internal/x/cc as external dependency cce:/internal/x/cc-fu/particle.
11:06:41 debug: Resolve cce:/internal/x/cc-fu/particle-2d from cce:/internal/x/cc as external dependency cce:/internal/x/cc-fu/particle-2d.
11:06:41 debug: Resolve cce:/internal/x/cc-fu/physics-framework from cce:/internal/x/cc as external dependency cce:/internal/x/cc-fu/physics-framework.
11:06:41 debug: Resolve cce:/internal/x/cc-fu/physics-2d-framework from cce:/internal/x/cc as external dependency cce:/internal/x/cc-fu/physics-2d-framework.
11:06:41 debug: Resolve cce:/internal/x/cc-fu/physics-2d-box2d-wasm from cce:/internal/x/cc as external dependency cce:/internal/x/cc-fu/physics-2d-box2d-wasm.
11:06:41 debug: Resolve cce:/internal/x/cc-fu/intersection-2d from cce:/internal/x/cc as external dependency cce:/internal/x/cc-fu/intersection-2d.
11:06:41 debug: Resolve cce:/internal/x/cc-fu/primitive from cce:/internal/x/cc as external dependency cce:/internal/x/cc-fu/primitive.
11:06:41 debug: Resolve cce:/internal/x/cc-fu/profiler from cce:/internal/x/cc as external dependency cce:/internal/x/cc-fu/profiler.
11:06:41 debug: Resolve cce:/internal/x/cc-fu/geometry-renderer from cce:/internal/x/cc as external dependency cce:/internal/x/cc-fu/geometry-renderer.
11:06:41 debug: Resolve cce:/internal/x/cc-fu/audio from cce:/internal/x/cc as external dependency cce:/internal/x/cc-fu/audio.
11:06:41 debug: Resolve cce:/internal/x/cc-fu/video from cce:/internal/x/cc as external dependency cce:/internal/x/cc-fu/video.
11:06:41 debug: Resolve cce:/internal/x/cc-fu/xr from cce:/internal/x/cc as external dependency cce:/internal/x/cc-fu/xr.
11:06:41 debug: Resolve cce:/internal/x/cc-fu/light-probe from cce:/internal/x/cc as external dependency cce:/internal/x/cc-fu/light-probe.
11:06:41 debug: Resolve cce:/internal/x/cc-fu/terrain from cce:/internal/x/cc as external dependency cce:/internal/x/cc-fu/terrain.
11:06:41 debug: Resolve cce:/internal/x/cc-fu/webview from cce:/internal/x/cc as external dependency cce:/internal/x/cc-fu/webview.
11:06:41 debug: Resolve cce:/internal/x/cc-fu/tween from cce:/internal/x/cc as external dependency cce:/internal/x/cc-fu/tween.
11:06:41 debug: Resolve cce:/internal/x/cc-fu/tiled-map from cce:/internal/x/cc as external dependency cce:/internal/x/cc-fu/tiled-map.
11:06:41 debug: Resolve cce:/internal/x/cc-fu/spine from cce:/internal/x/cc as external dependency cce:/internal/x/cc-fu/spine.
11:06:41 debug: Resolve cce:/internal/x/cc-fu/dragon-bones from cce:/internal/x/cc as external dependency cce:/internal/x/cc-fu/dragon-bones.
11:06:41 debug: Resolve cce:/internal/x/cc-fu/custom-pipeline from cce:/internal/x/cc as external dependency cce:/internal/x/cc-fu/custom-pipeline.
11:06:41 debug: Inspect cce:/internal/x/prerequisite-imports
11:06:41 debug: Resolve file:///Applications/Cocos/Creator/3.8.2/CocosCreator.app/Contents/Resources/resources/3d/engine/editor/assets/tools/debug-view-runtime-control.ts from cce:/internal/x/prerequisite-imports as file:///Applications/Cocos/Creator/3.8.2/CocosCreator.app/Contents/Resources/resources/3d/engine/editor/assets/tools/debug-view-runtime-control.ts.
11:06:41 debug: Inspect file:///Applications/Cocos/Creator/3.8.2/CocosCreator.app/Contents/Resources/resources/3d/engine/editor/assets/tools/debug-view-runtime-control.ts
11:06:41 debug: Resolve cc from file:///Applications/Cocos/Creator/3.8.2/CocosCreator.app/Contents/Resources/resources/3d/engine/editor/assets/tools/debug-view-runtime-control.ts as cce:/internal/x/cc.
11:06:41 debug: Resolve cc from file:///Applications/Cocos/Creator/3.8.2/CocosCreator.app/Contents/Resources/resources/3d/engine/editor/assets/tools/debug-view-runtime-control.ts as cce:/internal/x/cc.
11:06:41 debug: Resolve cc from file:///Applications/Cocos/Creator/3.8.2/CocosCreator.app/Contents/Resources/resources/3d/engine/editor/assets/tools/debug-view-runtime-control.ts as cce:/internal/x/cc.
11:06:41 debug: Target(editor) ends with cost 139.65266699995846ms.
11:06:41 debug: Target(preview) build started.
11:06:41 debug: Inspect cce:/internal/x/cc
11:06:41 debug: Resolve cce:/internal/x/cc-fu/2d from cce:/internal/x/cc as external dependency cce:/internal/x/cc-fu/2d.
11:06:41 debug: Resolve cce:/internal/x/cc-fu/sorting from cce:/internal/x/cc as external dependency cce:/internal/x/cc-fu/sorting.
11:06:41 debug: Resolve cce:/internal/x/cc-fu/3d from cce:/internal/x/cc as external dependency cce:/internal/x/cc-fu/3d.
11:06:41 debug: Resolve cce:/internal/x/cc-fu/animation from cce:/internal/x/cc as external dependency cce:/internal/x/cc-fu/animation.
11:06:41 debug: Resolve cce:/internal/x/cc-fu/audio from cce:/internal/x/cc as external dependency cce:/internal/x/cc-fu/audio.
11:06:41 debug: Resolve cce:/internal/x/cc-fu/base from cce:/internal/x/cc as external dependency cce:/internal/x/cc-fu/base.
11:06:41 debug: Resolve cce:/internal/x/cc-fu/dragon-bones from cce:/internal/x/cc as external dependency cce:/internal/x/cc-fu/dragon-bones.
11:06:41 debug: Resolve cce:/internal/x/cc-fu/gfx-webgl from cce:/internal/x/cc as external dependency cce:/internal/x/cc-fu/gfx-webgl.
11:06:41 debug: Resolve cce:/internal/x/cc-fu/gfx-webgl2 from cce:/internal/x/cc as external dependency cce:/internal/x/cc-fu/gfx-webgl2.
11:06:41 debug: Resolve cce:/internal/x/cc-fu/intersection-2d from cce:/internal/x/cc as external dependency cce:/internal/x/cc-fu/intersection-2d.
11:06:41 debug: Resolve cce:/internal/x/cc-fu/light-probe from cce:/internal/x/cc as external dependency cce:/internal/x/cc-fu/light-probe.
11:06:41 debug: Resolve cce:/internal/x/cc-fu/particle from cce:/internal/x/cc as external dependency cce:/internal/x/cc-fu/particle.
11:06:41 debug: Resolve cce:/internal/x/cc-fu/particle-2d from cce:/internal/x/cc as external dependency cce:/internal/x/cc-fu/particle-2d.
11:06:41 debug: Resolve cce:/internal/x/cc-fu/physics-2d-box2d from cce:/internal/x/cc as external dependency cce:/internal/x/cc-fu/physics-2d-box2d.
11:06:41 debug: Resolve cce:/internal/x/cc-fu/physics-2d-framework from cce:/internal/x/cc as external dependency cce:/internal/x/cc-fu/physics-2d-framework.
11:06:41 debug: Resolve cce:/internal/x/cc-fu/physics-ammo from cce:/internal/x/cc as external dependency cce:/internal/x/cc-fu/physics-ammo.
11:06:41 debug: Resolve cce:/internal/x/cc-fu/physics-framework from cce:/internal/x/cc as external dependency cce:/internal/x/cc-fu/physics-framework.
11:06:41 debug: Resolve cce:/internal/x/cc-fu/wait-for-ammo-instantiation from cce:/internal/x/cc as external dependency cce:/internal/x/cc-fu/wait-for-ammo-instantiation.
11:06:41 debug: Resolve cce:/internal/x/cc-fu/primitive from cce:/internal/x/cc as external dependency cce:/internal/x/cc-fu/primitive.
11:06:41 debug: Resolve cce:/internal/x/cc-fu/profiler from cce:/internal/x/cc as external dependency cce:/internal/x/cc-fu/profiler.
11:06:41 debug: Resolve cce:/internal/x/cc-fu/skeletal-animation from cce:/internal/x/cc as external dependency cce:/internal/x/cc-fu/skeletal-animation.
11:06:41 debug: Resolve cce:/internal/x/cc-fu/spine from cce:/internal/x/cc as external dependency cce:/internal/x/cc-fu/spine.
11:06:41 debug: Resolve cce:/internal/x/cc-fu/terrain from cce:/internal/x/cc as external dependency cce:/internal/x/cc-fu/terrain.
11:06:41 debug: Resolve cce:/internal/x/cc-fu/tiled-map from cce:/internal/x/cc as external dependency cce:/internal/x/cc-fu/tiled-map.
11:06:41 debug: Resolve cce:/internal/x/cc-fu/tween from cce:/internal/x/cc as external dependency cce:/internal/x/cc-fu/tween.
11:06:41 debug: Resolve cce:/internal/x/cc-fu/ui from cce:/internal/x/cc as external dependency cce:/internal/x/cc-fu/ui.
11:06:41 debug: Resolve cce:/internal/x/cc-fu/video from cce:/internal/x/cc as external dependency cce:/internal/x/cc-fu/video.
11:06:41 debug: Resolve cce:/internal/x/cc-fu/webview from cce:/internal/x/cc as external dependency cce:/internal/x/cc-fu/webview.
11:06:41 debug: Inspect cce:/internal/x/prerequisite-imports
11:06:41 debug: Resolve file:///Applications/Cocos/Creator/3.8.2/CocosCreator.app/Contents/Resources/resources/3d/engine/editor/assets/tools/debug-view-runtime-control.ts from cce:/internal/x/prerequisite-imports as file:///Applications/Cocos/Creator/3.8.2/CocosCreator.app/Contents/Resources/resources/3d/engine/editor/assets/tools/debug-view-runtime-control.ts.
11:06:41 debug: Inspect file:///Applications/Cocos/Creator/3.8.2/CocosCreator.app/Contents/Resources/resources/3d/engine/editor/assets/tools/debug-view-runtime-control.ts
11:06:41 debug: Resolve cc from file:///Applications/Cocos/Creator/3.8.2/CocosCreator.app/Contents/Resources/resources/3d/engine/editor/assets/tools/debug-view-runtime-control.ts as cce:/internal/x/cc.
11:06:41 debug: Resolve cc from file:///Applications/Cocos/Creator/3.8.2/CocosCreator.app/Contents/Resources/resources/3d/engine/editor/assets/tools/debug-view-runtime-control.ts as cce:/internal/x/cc.
11:06:41 debug: Resolve cc from file:///Applications/Cocos/Creator/3.8.2/CocosCreator.app/Contents/Resources/resources/3d/engine/editor/assets/tools/debug-view-runtime-control.ts as cce:/internal/x/cc.
11:06:41 debug: Target(preview) ends with cost 108.03620799991768ms.
11:06:43 debug: Pulling asset-db.
11:06:43 debug: Fetch asset-db cost: 337.2037919999566ms.
11:06:43 debug: Build iteration starts.
Number of accumulated asset changes: 1
Feature changed: false
11:06:43 debug: Target(editor) build started.
11:06:43 debug: Detected change: cce:/internal/x/prerequisite-imports. Last mtime: Thu Jan 01 1970 08:00:13 GMT+0800 (中国标准时间), Current mtime: Thu Jan 01 1970 08:00:16 GMT+0800 (中国标准时间)
11:06:43 debug: Inspect cce:/internal/x/prerequisite-imports
11:06:43 debug: Resolve file:///Applications/Cocos/Creator/3.8.2/CocosCreator.app/Contents/Resources/resources/3d/engine/editor/assets/tools/debug-view-runtime-control.ts from cce:/internal/x/prerequisite-imports as file:///Applications/Cocos/Creator/3.8.2/CocosCreator.app/Contents/Resources/resources/3d/engine/editor/assets/tools/debug-view-runtime-control.ts.
11:06:43 debug: Target(editor) ends with cost 19.129165999940597ms.
11:06:43 debug: Target(preview) build started.
11:06:43 debug: Detected change: cce:/internal/x/prerequisite-imports. Last mtime: Thu Jan 01 1970 08:00:13 GMT+0800 (中国标准时间), Current mtime: Thu Jan 01 1970 08:00:16 GMT+0800 (中国标准时间)
11:06:43 debug: Inspect cce:/internal/x/prerequisite-imports
11:06:43 debug: Resolve file:///Applications/Cocos/Creator/3.8.2/CocosCreator.app/Contents/Resources/resources/3d/engine/editor/assets/tools/debug-view-runtime-control.ts from cce:/internal/x/prerequisite-imports as file:///Applications/Cocos/Creator/3.8.2/CocosCreator.app/Contents/Resources/resources/3d/engine/editor/assets/tools/debug-view-runtime-control.ts.
11:06:43 debug: Target(preview) ends with cost 21.688084000023082ms.
11:10:10 debug: Dispatch build request for time accumulated 1 asset changes.
11:10:10 debug: Build iteration starts.
Number of accumulated asset changes: 1
Feature changed: false
11:10:10 debug: Target(editor) build started.
11:10:10 debug: Detected change: cce:/internal/x/prerequisite-imports. Last mtime: Thu Jan 01 1970 08:00:16 GMT+0800 (中国标准时间), Current mtime: Thu Jan 01 1970 08:03:42 GMT+0800 (中国标准时间)
11:10:10 debug: Inspect cce:/internal/x/prerequisite-imports
11:10:10 debug: Resolve file:///Applications/Cocos/Creator/3.8.2/CocosCreator.app/Contents/Resources/resources/3d/engine/editor/assets/tools/debug-view-runtime-control.ts from cce:/internal/x/prerequisite-imports as file:///Applications/Cocos/Creator/3.8.2/CocosCreator.app/Contents/Resources/resources/3d/engine/editor/assets/tools/debug-view-runtime-control.ts.
11:10:10 debug: Resolve file:///Users/zhangxiaoqiang/CocosProject/GitHubProject/SelfStudyProject/assets/mainScene/NewComponent.ts from cce:/internal/x/prerequisite-imports as file:///Users/zhangxiaoqiang/CocosProject/GitHubProject/SelfStudyProject/assets/mainScene/NewComponent.ts.
11:10:10 debug: Inspect file:///Users/zhangxiaoqiang/CocosProject/GitHubProject/SelfStudyProject/assets/mainScene/NewComponent.ts
11:10:10 debug: Resolve cc from file:///Users/zhangxiaoqiang/CocosProject/GitHubProject/SelfStudyProject/assets/mainScene/NewComponent.ts as cce:/internal/x/cc.
11:10:10 debug: Resolve cc from file:///Users/zhangxiaoqiang/CocosProject/GitHubProject/SelfStudyProject/assets/mainScene/NewComponent.ts as cce:/internal/x/cc.
11:10:10 debug: Resolve cc from file:///Users/zhangxiaoqiang/CocosProject/GitHubProject/SelfStudyProject/assets/mainScene/NewComponent.ts as cce:/internal/x/cc.
11:10:10 debug: Target(editor) ends with cost 36.22258299984969ms.
11:10:10 debug: Target(preview) build started.
11:10:10 debug: Detected change: cce:/internal/x/prerequisite-imports. Last mtime: Thu Jan 01 1970 08:00:16 GMT+0800 (中国标准时间), Current mtime: Thu Jan 01 1970 08:03:42 GMT+0800 (中国标准时间)
11:10:10 debug: Inspect cce:/internal/x/prerequisite-imports
11:10:10 debug: Resolve file:///Applications/Cocos/Creator/3.8.2/CocosCreator.app/Contents/Resources/resources/3d/engine/editor/assets/tools/debug-view-runtime-control.ts from cce:/internal/x/prerequisite-imports as file:///Applications/Cocos/Creator/3.8.2/CocosCreator.app/Contents/Resources/resources/3d/engine/editor/assets/tools/debug-view-runtime-control.ts.
11:10:10 debug: Resolve file:///Users/zhangxiaoqiang/CocosProject/GitHubProject/SelfStudyProject/assets/mainScene/NewComponent.ts from cce:/internal/x/prerequisite-imports as file:///Users/zhangxiaoqiang/CocosProject/GitHubProject/SelfStudyProject/assets/mainScene/NewComponent.ts.
11:10:10 debug: Inspect file:///Users/zhangxiaoqiang/CocosProject/GitHubProject/SelfStudyProject/assets/mainScene/NewComponent.ts
11:10:10 debug: Resolve cc from file:///Users/zhangxiaoqiang/CocosProject/GitHubProject/SelfStudyProject/assets/mainScene/NewComponent.ts as cce:/internal/x/cc.
11:10:10 debug: Resolve cc from file:///Users/zhangxiaoqiang/CocosProject/GitHubProject/SelfStudyProject/assets/mainScene/NewComponent.ts as cce:/internal/x/cc.
11:10:10 debug: Resolve cc from file:///Users/zhangxiaoqiang/CocosProject/GitHubProject/SelfStudyProject/assets/mainScene/NewComponent.ts as cce:/internal/x/cc.
11:10:10 debug: Target(preview) ends with cost 33.5570000000298ms.
